SF:lib/api/client/coins.dart
DA:14,1
DA:18,1
DA:19,2
DA:20,3
DA:22,3
DA:25,2
DA:27,1
DA:28,2
DA:29,2
DA:30,1
DA:31,1
DA:32,1
DA:33,1
DA:34,1
DA:35,1
DA:36,1
DA:37,1
DA:38,1
DA:39,1
DA:41,3
LF:20
LH:20
end_of_record
SF:lib/api/data/coins.dart
DA:8,1
DA:9,3
DA:16,1
DA:17,4
DA:43,0
DA:44,0
DA:49,2
DA:58,4
DA:59,4
DA:60,4
DA:61,4
DA:62,4
DA:63,4
DA:64,4
DA:65,4
DA:77,1
DA:78,1
DA:79,3
DA:80,3
DA:81,3
DA:82,3
DA:83,3
DA:84,3
DA:85,1
DA:86,3
DA:87,1
LF:26
LH:24
end_of_record
SF:lib/api/data/response_data.dart
DA:2,4
LF:1
LH:1
end_of_record
SF:lib/config/default_config.dart
DA:16,6
LF:1
LH:1
end_of_record
SF:lib/model/coin.dart
DA:2,2
DA:14,1
DA:19,1
DA:24,3
DA:25,3
DA:26,3
DA:27,3
DA:28,3
DA:29,3
DA:30,3
DA:31,3
DA:34,0
DA:35,0
LF:13
LH:11
end_of_record
SF:lib/model/reference_currency.dart
DA:4,4
DA:14,1
DA:15,2
DA:18,0
DA:20,0
DA:23,1
DA:28,1
DA:33,3
DA:34,3
DA:35,3
DA:36,3
DA:37,3
DA:38,3
DA:41,0
DA:42,0
LF:15
LH:11
end_of_record
SF:lib/api/client/reference_currencies.dart
DA:14,1
DA:18,1
DA:19,1
DA:20,3
DA:22,3
DA:25,2
DA:27,1
DA:28,2
DA:29,2
DA:30,1
DA:31,1
DA:32,1
DA:33,1
DA:34,1
DA:35,1
DA:36,1
DA:37,1
DA:39,3
LF:18
LH:18
end_of_record
SF:lib/service/coins.dart
DA:12,1
DA:16,1
DA:20,3
DA:22,3
DA:24,2
DA:25,1
DA:29,1
DA:31,4
DA:32,2
DA:33,2
DA:34,2
DA:35,1
DA:36,3
DA:38,2
DA:39,2
DA:40,1
DA:41,1
DA:42,1
DA:44,1
DA:47,1
DA:48,1
DA:52,1
DA:56,1
DA:57,2
DA:58,4
LF:25
LH:25
end_of_record
SF:lib/service/reference_currency.dart
DA:8,1
DA:12,1
DA:15,2
DA:17,2
DA:20,2
DA:21,1
LF:6
LH:6
end_of_record
