SF:lib/api/client/coins.dart
DA:14,1
DA:18,1
DA:19,2
DA:20,3
DA:22,3
DA:25,2
DA:27,1
DA:28,2
DA:29,2
DA:30,1
DA:31,1
DA:32,1
DA:33,1
DA:34,1
DA:35,1
DA:36,1
DA:37,1
DA:38,1
DA:39,1
DA:41,3
LF:20
LH:20
end_of_record
SF:lib/api/data/coins.dart
DA:11,1
DA:12,1
DA:13,1
DA:14,1
DA:21,1
DA:22,1
DA:23,1
DA:24,1
DA:25,1
DA:30,2
DA:37,4
DA:38,4
DA:39,4
DA:40,4
DA:41,4
DA:42,4
DA:43,4
DA:54,1
DA:55,1
DA:56,3
DA:57,3
DA:58,3
DA:59,3
DA:60,3
DA:61,1
DA:62,3
LF:26
LH:26
end_of_record
SF:lib/api/data/response_data.dart
DA:2,4
LF:1
LH:1
end_of_record
SF:lib/model/coin.dart
DA:2,1
DA:16,0
DA:21,0
DA:22,0
DA:23,0
DA:24,0
DA:25,0
DA:26,0
DA:27,0
DA:28,0
LF:10
LH:1
end_of_record
SF:lib/api/client/reference_currencies.dart
DA:14,1
DA:18,1
DA:19,1
DA:20,3
DA:22,3
DA:25,2
DA:27,1
DA:28,2
DA:29,2
DA:30,1
DA:31,1
DA:32,1
DA:33,1
DA:34,1
DA:35,1
DA:36,1
DA:37,1
DA:39,3
LF:18
LH:18
end_of_record
SF:lib/model/reference_currency.dart
DA:2,3
DA:14,1
DA:19,3
DA:20,3
DA:21,3
DA:22,3
DA:23,3
DA:24,3
LF:8
LH:8
end_of_record
SF:lib/service/coins.dart
DA:11,1
DA:15,1
DA:18,2
DA:21,1
DA:23,3
DA:25,0
DA:29,1
DA:30,2
DA:31,0
DA:32,0
DA:34,0
DA:35,0
DA:37,0
DA:39,1
LF:14
LH:8
end_of_record
SF:lib/service/reference_currency.dart
DA:6,1
DA:10,1
DA:13,2
DA:15,2
DA:18,0
LF:5
LH:4
end_of_record
